2022-06-07T03:52:57+00:00 CRITICAL Uncaught Error: Cannot use object of type WP_Post as array in C:\xampp\htdocs\projects\toolai\wp-content\themes\toolai\header.php:325
Stack trace:
#0 C:\xampp\htdocs\projects\toolai\wp-includes\template.php(770): require_once()
#1 C:\xampp\htdocs\projects\toolai\wp-includes\template.php(716): load_template('C:\\xampp\\htdocs...', true, Array)
#2 C:\xampp\htdocs\projects\toolai\wp-includes\general-template.php(48): locate_template(Array, true, true, Array)
#3 C:\xampp\htdocs\projects\toolai\wp-content\themes\toolai\page-templates\flexible-sections.php(7): get_header()
#4 C:\xampp\htdocs\projects\toolai\wp-includes\template-loader.php(106): include('C:\\xampp\\htdocs...')
#5 C:\xampp\htdocs\projects\toolai\wp-blog-header.php(19): require_once('C:\\xampp\\htdocs...')
#6 C:\xampp\htdocs\projects\toolai\index.php(17): require('C:\\xampp\\htdocs...')
#7 {main}
  thrown in C:\xampp\htdocs\projects\toolai\wp-content\themes\toolai\header.php on line 325

2022-06-07T03:52:58+00:00 CRITICAL Uncaught Error: Cannot use object of type WP_Post as array in C:\xampp\htdocs\projects\toolai\wp-content\themes\toolai\header.php:325
Stack trace:
#0 C:\xampp\htdocs\projects\toolai\wp-includes\template.php(770): require_once()
#1 C:\xampp\htdocs\projects\toolai\wp-includes\template.php(716): load_template('C:\\xampp\\htdocs...', true, Array)
#2 C:\xampp\htdocs\projects\toolai\wp-includes\general-template.php(48): locate_template(Array, true, true, Array)
#3 C:\xampp\htdocs\projects\toolai\wp-content\themes\toolai\404.php(1): get_header()
#4 C:\xampp\htdocs\projects\toolai\wp-includes\template-loader.php(106): include('C:\\xampp\\htdocs...')
#5 C:\xampp\htdocs\projects\toolai\wp-blog-header.php(19): require_once('C:\\xampp\\htdocs...')
#6 C:\xampp\htdocs\projects\toolai\index.php(17): require('C:\\xampp\\htdocs...')
#7 {main}
  thrown in C:\xampp\htdocs\projects\toolai\wp-content\themes\toolai\header.php on line 325

2022-06-07T05:14:26+00:00 CRITICAL Uncaught Error: [] operator not supported for strings in C:\xampp\htdocs\projects\toolai\wp-content\themes\toolai\header.php:326
Stack trace:
#0 C:\xampp\htdocs\projects\toolai\wp-includes\template.php(770): require_once()
#1 C:\xampp\htdocs\projects\toolai\wp-includes\template.php(716): load_template('C:\\xampp\\htdocs...', true, Array)
#2 C:\xampp\htdocs\projects\toolai\wp-includes\general-template.php(48): locate_template(Array, true, true, Array)
#3 C:\xampp\htdocs\projects\toolai\wp-content\themes\toolai\page-templates\flexible-sections.php(7): get_header()
#4 C:\xampp\htdocs\projects\toolai\wp-includes\template-loader.php(106): include('C:\\xampp\\htdocs...')
#5 C:\xampp\htdocs\projects\toolai\wp-blog-header.php(19): require_once('C:\\xampp\\htdocs...')
#6 C:\xampp\htdocs\projects\toolai\index.php(17): require('C:\\xampp\\htdocs...')
#7 {main}
  thrown in C:\xampp\htdocs\projects\toolai\wp-content\themes\toolai\header.php on line 326

2022-06-07T05:14:27+00:00 CRITICAL Uncaught Error: [] operator not supported for strings in C:\xampp\htdocs\projects\toolai\wp-content\themes\toolai\header.php:326
Stack trace:
#0 C:\xampp\htdocs\projects\toolai\wp-includes\template.php(770): require_once()
#1 C:\xampp\htdocs\projects\toolai\wp-includes\template.php(716): load_template('C:\\xampp\\htdocs...', true, Array)
#2 C:\xampp\htdocs\projects\toolai\wp-includes\general-template.php(48): locate_template(Array, true, true, Array)
#3 C:\xampp\htdocs\projects\toolai\wp-content\themes\toolai\404.php(1): get_header()
#4 C:\xampp\htdocs\projects\toolai\wp-includes\template-loader.php(106): include('C:\\xampp\\htdocs...')
#5 C:\xampp\htdocs\projects\toolai\wp-blog-header.php(19): require_once('C:\\xampp\\htdocs...')
#6 C:\xampp\htdocs\projects\toolai\index.php(17): require('C:\\xampp\\htdocs...')
#7 {main}
  thrown in C:\xampp\htdocs\projects\toolai\wp-content\themes\toolai\header.php on line 326

2022-06-07T05:14:27+00:00 CRITICAL Uncaught Error: [] operator not supported for strings in C:\xampp\htdocs\projects\toolai\wp-content\themes\toolai\header.php:326
Stack trace:
#0 C:\xampp\htdocs\projects\toolai\wp-includes\template.php(770): require_once()
#1 C:\xampp\htdocs\projects\toolai\wp-includes\template.php(716): load_template('C:\\xampp\\htdocs...', true, Array)
#2 C:\xampp\htdocs\projects\toolai\wp-includes\general-template.php(48): locate_template(Array, true, true, Array)
#3 C:\xampp\htdocs\projects\toolai\wp-content\themes\toolai\404.php(1): get_header()
#4 C:\xampp\htdocs\projects\toolai\wp-includes\template-loader.php(106): include('C:\\xampp\\htdocs...')
#5 C:\xampp\htdocs\projects\toolai\wp-blog-header.php(19): require_once('C:\\xampp\\htdocs...')
#6 C:\xampp\htdocs\projects\toolai\index.php(17): require('C:\\xampp\\htdocs...')
#7 {main}
  thrown in C:\xampp\htdocs\projects\toolai\wp-content\themes\toolai\header.php on line 326

2022-06-07T05:14:27+00:00 CRITICAL Uncaught Error: [] operator not supported for strings in C:\xampp\htdocs\projects\toolai\wp-content\themes\toolai\header.php:326
Stack trace:
#0 C:\xampp\htdocs\projects\toolai\wp-includes\template.php(770): require_once()
#1 C:\xampp\htdocs\projects\toolai\wp-includes\template.php(716): load_template('C:\\xampp\\htdocs...', true, Array)
#2 C:\xampp\htdocs\projects\toolai\wp-includes\general-template.php(48): locate_template(Array, true, true, Array)
#3 C:\xampp\htdocs\projects\toolai\wp-content\themes\toolai\404.php(1): get_header()
#4 C:\xampp\htdocs\projects\toolai\wp-includes\template-loader.php(106): include('C:\\xampp\\htdocs...')
#5 C:\xampp\htdocs\projects\toolai\wp-blog-header.php(19): require_once('C:\\xampp\\htdocs...')
#6 C:\xampp\htdocs\projects\toolai\index.php(17): require('C:\\xampp\\htdocs...')
#7 {main}
  thrown in C:\xampp\htdocs\projects\toolai\wp-content\themes\toolai\header.php on line 326

2022-06-07T05:37:15+00:00 CRITICAL Uncaught Error: [] operator not supported for strings in C:\xampp\htdocs\projects\toolai\wp-content\themes\toolai\header.php:327
Stack trace:
#0 C:\xampp\htdocs\projects\toolai\wp-includes\template.php(770): require_once()
#1 C:\xampp\htdocs\projects\toolai\wp-includes\template.php(716): load_template('C:\\xampp\\htdocs...', true, Array)
#2 C:\xampp\htdocs\projects\toolai\wp-includes\general-template.php(48): locate_template(Array, true, true, Array)
#3 C:\xampp\htdocs\projects\toolai\wp-content\themes\toolai\page-templates\flexible-sections.php(7): get_header()
#4 C:\xampp\htdocs\projects\toolai\wp-includes\template-loader.php(106): include('C:\\xampp\\htdocs...')
#5 C:\xampp\htdocs\projects\toolai\wp-blog-header.php(19): require_once('C:\\xampp\\htdocs...')
#6 C:\xampp\htdocs\projects\toolai\index.php(17): require('C:\\xampp\\htdocs...')
#7 {main}
  thrown in C:\xampp\htdocs\projects\toolai\wp-content\themes\toolai\header.php on line 327

2022-06-07T05:37:17+00:00 CRITICAL Uncaught Error: [] operator not supported for strings in C:\xampp\htdocs\projects\toolai\wp-content\themes\toolai\header.php:327
Stack trace:
#0 C:\xampp\htdocs\projects\toolai\wp-includes\template.php(770): require_once()
#1 C:\xampp\htdocs\projects\toolai\wp-includes\template.php(716): load_template('C:\\xampp\\htdocs...', true, Array)
#2 C:\xampp\htdocs\projects\toolai\wp-includes\general-template.php(48): locate_template(Array, true, true, Array)
#3 C:\xampp\htdocs\projects\toolai\wp-content\themes\toolai\404.php(1): get_header()
#4 C:\xampp\htdocs\projects\toolai\wp-includes\template-loader.php(106): include('C:\\xampp\\htdocs...')
#5 C:\xampp\htdocs\projects\toolai\wp-blog-header.php(19): require_once('C:\\xampp\\htdocs...')
#6 C:\xampp\htdocs\projects\toolai\index.php(17): require('C:\\xampp\\htdocs...')
#7 {main}
  thrown in C:\xampp\htdocs\projects\toolai\wp-content\themes\toolai\header.php on line 327

2022-06-07T05:37:17+00:00 CRITICAL Uncaught Error: [] operator not supported for strings in C:\xampp\htdocs\projects\toolai\wp-content\themes\toolai\header.php:327
Stack trace:
#0 C:\xampp\htdocs\projects\toolai\wp-includes\template.php(770): require_once()
#1 C:\xampp\htdocs\projects\toolai\wp-includes\template.php(716): load_template('C:\\xampp\\htdocs...', true, Array)
#2 C:\xampp\htdocs\projects\toolai\wp-includes\general-template.php(48): locate_template(Array, true, true, Array)
#3 C:\xampp\htdocs\projects\toolai\wp-content\themes\toolai\404.php(1): get_header()
#4 C:\xampp\htdocs\projects\toolai\wp-includes\template-loader.php(106): include('C:\\xampp\\htdocs...')
#5 C:\xampp\htdocs\projects\toolai\wp-blog-header.php(19): require_once('C:\\xampp\\htdocs...')
#6 C:\xampp\htdocs\projects\toolai\index.php(17): require('C:\\xampp\\htdocs...')
#7 {main}
  thrown in C:\xampp\htdocs\projects\toolai\wp-content\themes\toolai\header.php on line 327

2022-06-07T05:51:42+00:00 CRITICAL Uncaught Error: [] operator not supported for strings in C:\xampp\htdocs\projects\toolai\wp-content\themes\toolai\header.php:326
Stack trace:
#0 C:\xampp\htdocs\projects\toolai\wp-includes\template.php(770): require_once()
#1 C:\xampp\htdocs\projects\toolai\wp-includes\template.php(716): load_template('C:\\xampp\\htdocs...', true, Array)
#2 C:\xampp\htdocs\projects\toolai\wp-includes\general-template.php(48): locate_template(Array, true, true, Array)
#3 C:\xampp\htdocs\projects\toolai\wp-content\themes\toolai\page-templates\flexible-sections.php(7): get_header()
#4 C:\xampp\htdocs\projects\toolai\wp-includes\template-loader.php(106): include('C:\\xampp\\htdocs...')
#5 C:\xampp\htdocs\projects\toolai\wp-blog-header.php(19): require_once('C:\\xampp\\htdocs...')
#6 C:\xampp\htdocs\projects\toolai\index.php(17): require('C:\\xampp\\htdocs...')
#7 {main}
  thrown in C:\xampp\htdocs\projects\toolai\wp-content\themes\toolai\header.php on line 326

2022-06-07T05:51:43+00:00 CRITICAL Uncaught Error: [] operator not supported for strings in C:\xampp\htdocs\projects\toolai\wp-content\themes\toolai\header.php:326
Stack trace:
#0 C:\xampp\htdocs\projects\toolai\wp-includes\template.php(770): require_once()
#1 C:\xampp\htdocs\projects\toolai\wp-includes\template.php(716): load_template('C:\\xampp\\htdocs...', true, Array)
#2 C:\xampp\htdocs\projects\toolai\wp-includes\general-template.php(48): locate_template(Array, true, true, Array)
#3 C:\xampp\htdocs\projects\toolai\wp-content\themes\toolai\404.php(1): get_header()
#4 C:\xampp\htdocs\projects\toolai\wp-includes\template-loader.php(106): include('C:\\xampp\\htdocs...')
#5 C:\xampp\htdocs\projects\toolai\wp-blog-header.php(19): require_once('C:\\xampp\\htdocs...')
#6 C:\xampp\htdocs\projects\toolai\index.php(17): require('C:\\xampp\\htdocs...')
#7 {main}
  thrown in C:\xampp\htdocs\projects\toolai\wp-content\themes\toolai\header.php on line 326

2022-06-07T06:05:59+00:00 CRITICAL Uncaught Error: [] operator not supported for strings in C:\xampp\htdocs\projects\toolai\wp-content\themes\toolai\header.php:327
Stack trace:
#0 C:\xampp\htdocs\projects\toolai\wp-includes\template.php(770): require_once()
#1 C:\xampp\htdocs\projects\toolai\wp-includes\template.php(716): load_template('C:\\xampp\\htdocs...', true, Array)
#2 C:\xampp\htdocs\projects\toolai\wp-includes\general-template.php(48): locate_template(Array, true, true, Array)
#3 C:\xampp\htdocs\projects\toolai\wp-content\themes\toolai\page-templates\flexible-sections.php(7): get_header()
#4 C:\xampp\htdocs\projects\toolai\wp-includes\template-loader.php(106): include('C:\\xampp\\htdocs...')
#5 C:\xampp\htdocs\projects\toolai\wp-blog-header.php(19): require_once('C:\\xampp\\htdocs...')
#6 C:\xampp\htdocs\projects\toolai\index.php(17): require('C:\\xampp\\htdocs...')
#7 {main}
  thrown in C:\xampp\htdocs\projects\toolai\wp-content\themes\toolai\header.php on line 327

2022-06-07T06:06:00+00:00 CRITICAL Uncaught Error: [] operator not supported for strings in C:\xampp\htdocs\projects\toolai\wp-content\themes\toolai\header.php:327
Stack trace:
#0 C:\xampp\htdocs\projects\toolai\wp-includes\template.php(770): require_once()
#1 C:\xampp\htdocs\projects\toolai\wp-includes\template.php(716): load_template('C:\\xampp\\htdocs...', true, Array)
#2 C:\xampp\htdocs\projects\toolai\wp-includes\general-template.php(48): locate_template(Array, true, true, Array)
#3 C:\xampp\htdocs\projects\toolai\wp-content\themes\toolai\404.php(1): get_header()
#4 C:\xampp\htdocs\projects\toolai\wp-includes\template-loader.php(106): include('C:\\xampp\\htdocs...')
#5 C:\xampp\htdocs\projects\toolai\wp-blog-header.php(19): require_once('C:\\xampp\\htdocs...')
#6 C:\xampp\htdocs\projects\toolai\index.php(17): require('C:\\xampp\\htdocs...')
#7 {main}
  thrown in C:\xampp\htdocs\projects\toolai\wp-content\themes\toolai\header.php on line 327

2022-06-07T06:06:00+00:00 CRITICAL Uncaught Error: [] operator not supported for strings in C:\xampp\htdocs\projects\toolai\wp-content\themes\toolai\header.php:327
Stack trace:
#0 C:\xampp\htdocs\projects\toolai\wp-includes\template.php(770): require_once()
#1 C:\xampp\htdocs\projects\toolai\wp-includes\template.php(716): load_template('C:\\xampp\\htdocs...', true, Array)
#2 C:\xampp\htdocs\projects\toolai\wp-includes\general-template.php(48): locate_template(Array, true, true, Array)
#3 C:\xampp\htdocs\projects\toolai\wp-content\themes\toolai\404.php(1): get_header()
#4 C:\xampp\htdocs\projects\toolai\wp-includes\template-loader.php(106): include('C:\\xampp\\htdocs...')
#5 C:\xampp\htdocs\projects\toolai\wp-blog-header.php(19): require_once('C:\\xampp\\htdocs...')
#6 C:\xampp\htdocs\projects\toolai\index.php(17): require('C:\\xampp\\htdocs...')
#7 {main}
  thrown in C:\xampp\htdocs\projects\toolai\wp-content\themes\toolai\header.php on line 327

2022-06-07T06:06:00+00:00 CRITICAL Uncaught Error: [] operator not supported for strings in C:\xampp\htdocs\projects\toolai\wp-content\themes\toolai\header.php:327
Stack trace:
#0 C:\xampp\htdocs\projects\toolai\wp-includes\template.php(770): require_once()
#1 C:\xampp\htdocs\projects\toolai\wp-includes\template.php(716): load_template('C:\\xampp\\htdocs...', true, Array)
#2 C:\xampp\htdocs\projects\toolai\wp-includes\general-template.php(48): locate_template(Array, true, true, Array)
#3 C:\xampp\htdocs\projects\toolai\wp-content\themes\toolai\404.php(1): get_header()
#4 C:\xampp\htdocs\projects\toolai\wp-includes\template-loader.php(106): include('C:\\xampp\\htdocs...')
#5 C:\xampp\htdocs\projects\toolai\wp-blog-header.php(19): require_once('C:\\xampp\\htdocs...')
#6 C:\xampp\htdocs\projects\toolai\index.php(17): require('C:\\xampp\\htdocs...')
#7 {main}
  thrown in C:\xampp\htdocs\projects\toolai\wp-content\themes\toolai\header.php on line 327

